<?xml version="1.0" encoding="UTF-8"?>
<testng-results ignored="0" total="1" passed="1" failed="0" skipped="0">
  <reporter-output>
  </reporter-output>
  <suite started-at="2024-11-21T23:21:09 IST" name="Default suite" finished-at="2024-11-21T23:21:28 IST" duration-ms="18841">
    <groups>
    </groups>
    <test started-at="2024-11-21T23:21:09 IST" name="Default test" finished-at="2024-11-21T23:21:28 IST" duration-ms="18841">
      <class name="register.TC_RF_006">
        <test-method signature="verifyRegisteringAccountWithNewsletterAsNo()[pri:0, instance:register.TC_RF_006@6a6cb05c]" started-at="2024-11-21T23:21:10 IST" name="verifyRegisteringAccountWithNewsletterAsNo" finished-at="2024-11-21T23:21:28 IST" duration-ms="18740" status="PASS">
          <reporter-output>
          </reporter-output>
        </test-method> <!-- verifyRegisteringAccountWithNewsletterAsNo -->
      </class> <!-- register.TC_RF_006 -->
    </test> <!-- Default test -->
  </suite> <!-- Default suite -->
</testng-results>
