<?xml version="1.0" encoding="UTF-8"?>
<testng-results ignored="0" total="1" passed="1" failed="0" skipped="0">
  <reporter-output>
  </reporter-output>
  <suite started-at="2024-11-15T09:21:30 IST" name="Default suite" finished-at="2024-11-15T09:21:39 IST" duration-ms="9323">
    <groups>
    </groups>
    <test started-at="2024-11-15T09:21:30 IST" name="Default test" finished-at="2024-11-15T09:21:39 IST" duration-ms="9323">
      <class name="register.TC_RF_003">
        <test-method signature="verifyRegisterAccountUsingAllFields()[pri:0, instance:register.TC_RF_003@3c41ed1d]" started-at="2024-11-15T09:21:30 IST" name="verifyRegisterAccountUsingAllFields" finished-at="2024-11-15T09:21:39 IST" duration-ms="9244" status="PASS">
          <reporter-output>
          </reporter-output>
        </test-method> <!-- verifyRegisterAccountUsingAllFields -->
      </class> <!-- register.TC_RF_003 -->
    </test> <!-- Default test -->
  </suite> <!-- Default suite -->
</testng-results>
